parameter file: par_file_atacseqimputed_smartPCA.txt
### THE INPUT PARAMETERS
##PARAMETER NAME: VALUE
genotypename: /lustre03/project/6032391/GROUP/sc_rnaseq/tensorqtl/data/ATACseq_imputed_390_expression_Fst001_merge_forsmartpca.ped
snpname: /lustre03/project/6032391/GROUP/sc_rnaseq/tensorqtl/data/ATACseq_imputed_390_expression_Fst001_merge_forsmartpca.map
indivname: /lustre03/project/6032391/GROUP/sc_rnaseq/tensorqtl/data/df_ind_smartpca.txt
evecoutname: ATACseq.imputed.eqtl.tensorqtl.evec
evaloutname: ATACseq.imputed.eqtl.tensorqtl.eval
## smartpca version: 16000
norm used

genetic distance set from physical distance
genotype file processed
number of samples used: 390 number of snps used: 907094
Using 39 threads, and partial sum lookup algorithm.
 snp           rs62119777 ignored . allelecnt:     0  missing:     0
 snp          rs557026965 ignored . allelecnt:     0  missing:     0
 snp          rs529379445 ignored . allelecnt:     0  missing:     0
 snp          rs539761371 ignored . allelecnt:     0  missing:     0
 snp          rs113557018 ignored . allelecnt:     0  missing:     0
 snp rs551684197;rs548764900 ignored . allelecnt:     0  missing:     0
 snp           rs56130424 ignored . allelecnt:     0  missing:     0
 snp          rs111700790 ignored . allelecnt:     0  missing:     0
 snp          rs566242131 ignored . allelecnt:     0  missing:     0
 snp          rs367544055 ignored . allelecnt:     0  missing:     0
total number of snps killed in pass: 17  used: 907077
REMOVED outlier CPTP_0644 iter 1 evec 1 sigmage -13.525 pop: geno
REMOVED outlier CPTP_0742 iter 1 evec 1 sigmage -13.197 pop: geno
number of samples after outlier removal: 388
total number of snps killed in pass: 17  used: 907077

## Tracy-Widom statistics: rows: 388  cols: 907077
  #N    eigenvalue  difference    twstat      p-value effect. n
   1      2.912058          NA   435.852            0 15581.607
   2      1.298065   -1.613993    14.181  2.50799e-17 24730.534
   3      1.279904   -0.018161     8.546   4.8249e-09 24946.999
   4      1.273497   -0.006407     7.075  1.11142e-07 25128.964
   5      1.266557   -0.006941     5.365  9.49768e-06 25303.387
   6      1.264263   -0.002293     5.335  1.02234e-05 25468.658
   7      1.255469   -0.008794     2.877   0.00216203 25635.302
   8      1.252861   -0.002608     2.672   0.00317433 25787.922
   9      1.250560   -0.002301     2.576   0.00378959 25940.595
  10      1.245436   -0.005124     1.409    0.0267474 26093.996
  11      1.243691   -0.001744     1.494    0.0235086 26241.301
  12      1.235946   -0.007745    -0.703     0.329796 26390.394
  13      1.232996   -0.002950    -1.122      0.45383 26526.726
  14      1.230587   -0.002409    -1.345     0.524412 26661.474
  15      1.224866   -0.005721    -2.846     0.909742 26795.847
  16      1.222718   -0.002148    -3.005     0.931037 26921.695
  17      1.220298   -0.002420    -3.274     0.958368 27047.451
  18      1.217633   -0.002665    -3.645     0.981388 27172.399
  19      1.213674   -0.003959    -4.528     0.998461 27295.863
  20      1.210391   -0.003283    -5.166     0.999858 27414.521
  21      1.207584   -0.002807    -5.633     0.999982 27529.884
  22      1.206627   -0.000957    -5.385     0.999945 27643.009
  23      1.204314   -0.002312    -5.666     0.999985 27758.475
  24      1.201243   -0.003072    -6.254     0.999999 27872.865
  25      1.199541   -0.001702    -6.313            1 27984.153
  26      1.199163   -0.000378    -5.849     0.999994 28095.759
  27      1.194326   -0.004837    -7.149            1 28211.151
  28      1.191564   -0.002762    -7.649            1 28318.629
  29      1.190906   -0.000658    -7.320            1 28423.438
  30      1.186884   -0.004022    -8.331            1 28531.065
  31      1.185762   -0.001122    -8.200            1 28632.555
  32      1.184620   -0.001142    -8.075            1 28735.502
  33      1.182826   -0.001794    -8.212            1 28839.885
  34      1.181382   -0.001444    -8.211            1 28943.937
  35      1.180125   -0.001257    -8.136            1 29048.592
  36      1.176359   -0.003766    -9.077            1 29154.374
  37      1.175751   -0.000608    -8.753            1 29254.217
  38      1.173167   -0.002584    -9.230            1 29356.864
  39      1.171655   -0.001512    -9.278            1 29456.733
  40      1.168098   -0.003557   -10.166            1 29556.800
  41      1.167252   -0.000846    -9.958            1 29651.134
  42      1.165419   -0.001833   -10.153            1 29747.415
  43      1.164319   -0.001100   -10.050            1 29842.797
  44      1.162932   -0.001387   -10.065            1 29939.396
  45      1.161617   -0.001315   -10.052            1 30036.379
  46      1.159880   -0.001738   -10.214            1 30133.952
  47      1.158241   -0.001638   -10.339            1 30230.831
  48      1.157587   -0.000654   -10.057            1 30327.274
  49      1.154908   -0.002680   -10.616            1 30426.298
  50      1.152846   -0.002062   -10.928            1 30521.638
  51      1.149572   -0.003274   -11.754            1 30615.104
  52      1.149189   -0.000384   -11.382            1 30702.817
  53      1.147522   -0.001666   -11.543            1 30793.711
  54      1.146570   -0.000952   -11.408            1 30883.786
  55      1.143367   -0.003203   -12.221            1 30975.296
  56      1.142234   -0.001134   -12.174            1 31060.985
  57      1.140853   -0.001380   -12.231            1 31147.387
  58      1.140710   -0.000143   -11.764            1 31233.702
  59      1.138956   -0.001754   -11.976            1 31324.013
  60      1.137904   -0.001052   -11.893            1 31413.046
  61      1.136497   -0.001408   -11.961            1 31503.115
  62      1.132889   -0.003607   -12.971            1 31593.024
  63      1.132046   -0.000843   -12.816            1 31675.235
  64      1.130598   -0.001448   -12.918            1 31758.990
  65      1.129159   -0.001438   -13.018            1 31842.234
  66      1.128027   -0.001132   -12.990            1 31924.971
  67      1.126927   -0.001100   -12.947            1 32008.242
  68      1.125314   -0.001613   -13.126            1 32092.166
  69      1.124423   -0.000891   -12.996            1 32174.913
  70      1.122601   -0.001821   -13.268            1 32259.034
  71      1.121530   -0.001071   -13.220            1 32341.178
  72      1.120268   -0.001262   -13.254            1 32424.012
  73      1.119375   -0.000894   -13.129            1 32506.839
  74      1.116592   -0.002782   -13.827            1 32591.016
  75      1.115960   -0.000632   -13.598            1 32669.500
  76      1.114407   -0.001554   -13.769            1 32750.194
  77      1.112383   -0.002023   -14.149            1 32829.663
  78      1.110618   -0.001765   -14.422            1 32906.066
  79      1.109739   -0.000880   -14.312            1 32980.292
  80      1.109575   -0.000164   -13.885            1 33055.670
  81      1.107022   -0.002553   -14.505            1 33135.024
  82      1.105805   -0.001217   -14.547            1 33209.081
  83      1.104549   -0.001255   -14.606            1 33282.947
  84      1.103674   -0.000876   -14.499            1 33356.451
  85      1.102818   -0.000856   -14.382            1 33431.091
  86      1.101429   -0.001389   -14.500            1 33506.974
  87      1.100251   -0.001178   -14.527            1 33581.954
  88      1.098766   -0.001485   -14.692            1 33656.856
  89      1.097725   -0.001041   -14.662            1 33730.395
  90      1.096896   -0.000828   -14.537            1 33804.366
  91      1.095555   -0.001341   -14.640            1 33879.668
  92      1.094258   -0.001297   -14.726            1 33954.154
  93      1.092529   -0.001729   -15.007            1 34027.977
  94      1.090471   -0.002058   -15.442            1 34099.247
  95      1.089248   -0.001223   -15.508            1 34166.463
  96      1.088735   -0.000513   -15.256            1 34233.117
  97      1.087605   -0.001130   -15.279            1 34302.286
  98      1.085908   -0.001697   -15.559            1 34371.320
  99      1.084392   -0.001516   -15.762            1 34437.684
 100      1.084259   -0.000134   -15.344            1 34502.105
 101      1.084088   -0.000171   -14.935            1 34570.731
 102      1.081227   -0.002861   -15.742            1 34643.552
 103      1.080313   -0.000914   -15.677            1 34708.312
 104      1.079448   -0.000865   -15.590            1 34773.758
 105      1.077943   -0.001505   -15.793            1 34840.132
 106      1.077230   -0.000712   -15.639            1 34904.456
 107      1.077165   -0.000066   -15.188            1 34970.395
 108      1.076132   -0.001033   -15.171            1 35041.095
 109      1.074919   -0.001213   -15.238            1 35112.040
 110      1.073658   -0.001261   -15.328            1 35182.348
 111      1.072907   -0.000750   -15.185            1 35251.751
 112      1.071251   -0.001657   -15.457            1 35322.741
 113      1.068804   -0.002447   -16.098            1 35390.832
 114      1.068172   -0.000632   -15.914            1 35451.991
 115      1.066415   -0.001757   -16.246            1 35515.118
 116      1.065810   -0.000605   -16.053            1 35574.582
 117      1.064436   -0.001374   -16.212            1 35636.123
 118      1.063932   -0.000504   -15.971            1 35695.853
 119      1.063397   -0.000535   -15.742            1 35758.209
 120      1.061420   -0.001977   -16.177            1 35823.117
 121      1.060796   -0.000624   -15.993            1 35883.044
 122      1.058513   -0.002283   -16.576            1 35945.005
 123      1.057729   -0.000784   -16.473            1 36000.214
 124      1.056307   -0.001422   -16.665            1 36056.492
 125      1.055648   -0.000659   -16.506            1 36110.429
 126      1.054224   -0.001424   -16.700            1 36166.082
 127      1.053534   -0.000690   -16.556            1 36219.322
 128      1.053151   -0.000383   -16.267            1 36274.103
 129      1.052585   -0.000566   -16.059            1 36332.190
 130      1.050963   -0.001623   -16.342            1 36392.670
 131      1.049020   -0.001943   -16.780            1 36449.602
 132      1.047942   -0.001078   -16.821            1 36501.066
 133      1.046978   -0.000964   -16.809            1 36551.844
 134      1.046511   -0.000468   -16.564            1 36602.566
 135      1.045672   -0.000838   -16.490            1 36656.109
 136      1.043308   -0.002365   -17.133            1 36710.390
 137      1.042369   -0.000939   -17.116            1 36756.428
 138      1.040928   -0.001441   -17.336            1 36802.421
 139      1.039614   -0.001314   -17.499            1 36845.380
 140      1.039210   -0.000404   -17.236            1 36885.978
 141      1.038859   -0.000351   -16.944            1 36929.602
 142      1.036693   -0.002165   -17.505            1 36976.688
 143      1.035950   -0.000744   -17.404            1 37016.231
 144      1.034644   -0.001306   -17.567            1 37056.747
 145      1.033995   -0.000648   -17.421            1 37094.792
 146      1.033246   -0.000749   -17.322            1 37134.380
 147      1.031750   -0.001496   -17.575            1 37174.929
 148      1.031179   -0.000571   -17.394            1 37211.739
 149      1.029014   -0.002165   -17.966            1 37250.588
 150      1.028363   -0.000652   -17.830            1 37281.344
 151      1.027820   -0.000542   -17.640            1 37313.488
 152      1.027278   -0.000542   -17.447            1 37347.776
 153      1.026024   -0.001254   -17.590            1 37384.287
 154      1.024845   -0.001179   -17.699            1 37418.390
 155      1.024164   -0.000681   -17.574            1 37450.514
 156      1.023691   -0.000472   -17.348            1 37483.925
 157      1.021364   -0.002327   -18.002            1 37520.079
 158      1.021095   -0.000269   -17.686            1 37546.476
 159      1.020043   -0.001052   -17.738            1 37576.848
 160      1.018953   -0.001090   -17.810            1 37605.955
 161      1.017588   -0.001365   -18.014            1 37633.500
 162      1.016242   -0.001347   -18.213            1 37657.526
 163      1.016008   -0.000234   -17.884            1 37678.068
 164      1.015010   -0.000998   -17.915            1 37702.831
 165      1.013701   -0.001309   -18.096            1 37726.546
 166      1.013468   -0.000234   -17.766            1 37746.965
 167      1.012011   -0.001456   -18.015            1 37771.718
 168      1.011530   -0.000481   -17.802            1 37792.081
 169      1.010308   -0.001222   -17.940            1 37815.046
 170      1.009491   -0.000817   -17.888            1 37835.243
 171      1.008513   -0.000978   -17.911            1 37855.590
 172      1.008092   -0.000421   -17.669            1 37874.895
 173      1.007137   -0.000954   -17.678            1 37897.326
 174      1.006267   -0.000871   -17.648            1 37918.939
 175      1.005659   -0.000607   -17.491            1 37940.353
 176      1.004067   -0.001593   -17.804            1 37963.605
 177      1.003479   -0.000588   -17.641            1 37981.084
 178      1.002062   -0.001417   -17.873            1 38000.484
 179      1.001089   -0.000973   -17.895            1 38015.338
 180      1.000930   -0.000159   -17.528            1 38029.035
 181      0.998814   -0.002116   -18.095            1 38048.049
 182      0.998295   -0.000519   -17.904            1 38056.815
 183      0.997895   -0.000400   -17.654            1 38067.923
 184      0.996313   -0.001582   -17.967            1 38082.446
 185      0.995845   -0.000468   -17.750            1 38090.785
 186      0.994931   -0.000914   -17.745            1 38101.964
 187      0.994241   -0.000691   -17.632            1 38112.374
 188      0.993085   -0.001155   -17.740            1 38123.871
 189      0.992282   -0.000803   -17.682            1 38132.564
 190      0.991279   -0.001004   -17.719            1 38141.376
 191      0.990564   -0.000715   -17.618            1 38148.596
 192      0.989510   -0.001053   -17.678            1 38156.677
 193      0.988158   -0.001352   -17.883            1 38162.707
 194      0.987549   -0.000608   -17.735            1 38164.014
 195      0.986910   -0.000640   -17.599            1 38167.018
 196      0.985933   -0.000976   -17.623            1 38171.515
 197      0.984551   -0.001382   -17.842            1 38174.541
 198      0.983503   -0.001048   -17.904            1 38172.399
 199      0.982947   -0.000556   -17.732            1 38167.978
 200      0.982441   -0.000506   -17.533            1 38165.703
 201      0.981378   -0.001064   -17.598            1 38166.138
 202      0.980777   -0.000601   -17.442            1 38164.190
 203      0.979704   -0.001073   -17.510            1 38164.138
 204      0.978850   -0.000855   -17.475            1 38161.593
 205      0.978190   -0.000660   -17.347            1 38158.565
 206      0.977017   -0.001172   -17.461            1 38156.929
 207      0.975932   -0.001086   -17.537            1 38151.772
 208      0.975435   -0.000497   -17.331            1 38143.846
 209      0.975188   -0.000247   -17.003            1 38138.858
 210      0.972725   -0.002463   -17.731            1 38139.436
 211      0.971544   -0.001181   -17.857            1 38123.605
 212      0.971200   -0.000344   -17.585            1 38103.778
 213      0.970573   -0.000627   -17.444            1 38088.239
 214      0.969576   -0.000997   -17.477            1 38074.292
 215      0.968435   -0.001141   -17.581            1 38058.226
 216      0.967709   -0.000725   -17.487            1 38038.505
 217      0.967185   -0.000524   -17.295            1 38019.337
 218      0.966559   -0.000626   -17.149            1 38002.882
 219      0.965280   -0.001279   -17.313            1 37988.180
 220      0.964737   -0.000543   -17.127            1 37968.336
 221      0.963848   -0.000888   -17.104            1 37951.115
 222      0.963126   -0.000723   -17.001            1 37932.885
 223      0.962940   -0.000185   -16.640            1 37915.449
 224      0.962481   -0.000460   -16.404            1 37904.838
 225      0.961191   -0.001290   -16.558            1 37898.284
 226      0.960527   -0.000664   -16.418            1 37886.502
 227      0.958071   -0.002456   -17.129            1 37876.511
 228      0.957388   -0.000682   -17.008            1 37847.817
 229      0.956996   -0.000392   -16.747            1 37820.262
 230      0.954717   -0.002279   -17.379            1 37797.287
 231      0.954426   -0.000290   -17.078            1 37757.118
 232      0.953495   -0.000931   -17.075            1 37722.435
 233      0.952695   -0.000800   -17.010            1 37685.935
 234      0.951111   -0.001583   -17.315            1 37649.139
 235      0.950341   -0.000771   -17.241            1 37602.741
 236      0.949724   -0.000616   -17.092            1 37556.185
 237      0.948674   -0.001050   -17.146            1 37511.359
 238      0.948123   -0.000552   -16.965            1 37463.086
 239      0.946664   -0.001459   -17.209            1 37417.390
 240      0.946066   -0.000597   -17.051            1 37363.199
 241      0.945174   -0.000893   -17.030            1 37310.953
 242      0.943186   -0.001988   -17.523            1 37257.063
 243      0.942369   -0.000817   -17.475            1 37187.828
 244      0.941837   -0.000531   -17.291            1 37117.502
 245      0.941317   -0.000520   -17.099            1 37049.691
 246      0.940341   -0.000977   -17.118            1 36984.680
 247      0.940063   -0.000278   -16.810            1 36916.739
 248      0.939122   -0.000940   -16.805            1 36854.885
 249      0.938306   -0.000816   -16.742            1 36790.694
 250      0.938137   -0.000169   -16.377            1 36725.775
 251      0.936614   -0.001523   -16.635            1 36668.839
 252      0.936448   -0.000166   -16.266            1 36601.888
 253      0.934763   -0.001685   -16.596            1 36543.130
 254      0.933853   -0.000909   -16.572            1 36472.012
 255      0.932917   -0.000937   -16.561            1 36398.885
 256      0.931384   -0.001533   -16.824            1 36323.349
 257      0.930214   -0.001170   -16.925            1 36237.090
 258      0.929062   -0.001152   -17.019            1 36144.899
 259      0.928150   -0.000911   -17.004            1 36046.893
 260      0.928081   -0.000069   -16.602            1 35946.305
 261      0.927083   -0.000998   -16.618            1 35855.008
 262      0.926542   -0.000541   -16.425            1 35760.146
 263      0.925462   -0.001080   -16.474            1 35668.246
 264      0.924543   -0.000919   -16.450            1 35571.625
 265      0.924053   -0.000490   -16.231            1 35472.543
 266      0.923673   -0.000381   -15.958            1 35377.312
 267      0.920969   -0.002704   -16.731            1 35287.819
 268      0.920514   -0.000455   -16.502            1 35169.489
 269      0.919487   -0.001027   -16.527            1 35055.189
 270      0.919206   -0.000280   -16.216            1 34936.542
 271      0.917391   -0.001815   -16.587            1 34824.790
 272      0.916751   -0.000640   -16.439            1 34696.833
 273      0.916132   -0.000619   -16.278            1 34570.194
 274      0.914768   -0.001365   -16.446            1 34445.320
 275      0.913557   -0.001210   -16.549            1 34310.800
 276      0.912755   -0.000802   -16.472            1 34168.821
 277      0.912266   -0.000489   -16.254            1 34025.562
 278      0.910844   -0.001422   -16.444            1 33885.968
 279      0.910557   -0.000287   -16.137            1 33735.546
 280      0.909280   -0.001277   -16.258            1 33592.001
 281      0.909105   -0.000175   -15.899            1 33439.841
 282      0.907027   -0.002078   -16.362            1 33296.617
 283      0.906325   -0.000701   -16.236            1 33131.931
 284      0.906204   -0.000121   -15.855            1 32967.496
 285      0.904938   -0.001266   -15.960            1 32812.896
 286      0.903715   -0.001223   -16.049            1 32649.742
 287      0.903247   -0.000468   -15.814            1 32478.583
 288      0.902769   -0.000478   -15.579            1 32311.761
 289      0.902236   -0.000533   -15.362            1 32149.410
 290      0.901554   -0.000681   -15.202            1 31990.904
 291      0.901295   -0.000260   -14.861            1 31833.964
 292      0.899430   -0.001865   -15.189            1 31686.179
 293      0.898757   -0.000673   -15.022            1 31519.727
 294      0.897425   -0.001332   -15.127            1 31355.120
 295      0.896260   -0.001165   -15.164            1 31180.871
 296      0.895731   -0.000529   -14.936            1 30999.749
 297      0.894715   -0.001016   -14.905            1 30822.961
 298      0.894000   -0.000715   -14.748            1 30642.041
 299      0.892982   -0.001018   -14.711            1 30462.425
 300      0.892431   -0.000551   -14.481            1 30278.758
 301      0.891262   -0.001169   -14.498            1 30099.665
 302      0.890488   -0.000774   -14.354            1 29913.941
 303      0.887803   -0.002685   -14.979            1 29728.885
 304      0.887702   -0.000101   -14.576            1 29509.000
 305      0.886852   -0.000850   -14.463            1 29301.476
 306      0.885253   -0.001600   -14.646            1 29092.920
 307      0.883662   -0.001591   -14.829            1 28869.296
 308      0.883488   -0.000174   -14.454            1 28630.557
 309      0.882367   -0.001121   -14.443            1 28403.006
 310      0.880914   -0.001453   -14.560            1 28169.249
 311      0.880469   -0.000446   -14.286            1 27922.957
 312      0.879409   -0.001059   -14.243            1 27683.105
 313      0.877929   -0.001480   -14.359            1 27438.302
 314      0.877107   -0.000822   -14.225            1 27180.465
 315      0.875294   -0.001814   -14.463            1 26922.058
 316      0.875220   -0.000073   -14.048            1 26644.199
 317      0.874050   -0.001171   -14.034            1 26379.971
 318      0.873862   -0.000188   -13.652            1 26108.756
 319      0.873092   -0.000770   -13.476            1 25849.858
 320      0.871399   -0.001692   -13.634            1 25592.435
 321      0.870819   -0.000580   -13.388            1 25318.269
 322      0.870352   -0.000467   -13.093            1 25049.343
 323      0.868634   -0.001719   -13.241            1 24788.476
 324      0.868010   -0.000624   -12.998            1 24510.578
 325      0.866834   -0.001175   -12.945            1 24237.762
 326      0.866663   -0.000171   -12.534            1 23959.096
 327      0.865868   -0.000795   -12.329            1 23695.664
 328      0.864171   -0.001697   -12.431            1 23435.298
 329      0.862843   -0.001328   -12.407            1 23159.020
 330      0.862673   -0.000171   -11.983            1 22874.491
 331      0.859083   -0.003590   -12.709            1 22606.765
 332      0.858147   -0.000936   -12.556            1 22283.091
 333      0.857394   -0.000754   -12.336            1 21958.795
 334      0.856166   -0.001228   -12.265            1 21638.037
 335      0.855222   -0.000944   -12.096            1 21311.210
 336      0.854083   -0.001139   -11.985            1 20984.492
 337      0.852912   -0.001171   -11.878            1 20654.073
 338      0.852402   -0.000510   -11.555            1 20319.506
 339      0.852048   -0.000354   -11.173            1 19995.387
 340      0.850974   -0.001073   -11.002            1 19686.281
 341      0.848644   -0.002331   -11.210            1 19377.246
 342      0.848594   -0.000050   -10.725            1 19040.328
 343      0.845645   -0.002949   -11.099            1 18726.541
 344      0.844861   -0.000785   -10.833            1 18371.470
 345      0.843650   -0.001211   -10.683            1 18023.011
 346      0.842533   -0.001117   -10.497            1 17672.369
 347      0.842167   -0.000366   -10.086            1 17322.156
 348      0.841487   -0.000680    -9.748            1 16990.535
 349      0.839156   -0.002331    -9.858            1 16672.098
 350      0.838080   -0.001076    -9.620            1 16328.457
 351      0.837656   -0.000424    -9.192            1 15989.341
 352      0.837567   -0.000088    -8.653            1 15672.075
 353      0.835160   -0.002407    -8.706            1 15388.549
 354      0.833614   -0.001546    -8.531            1 15081.407
 355      0.831858   -0.001756    -8.398            1 14772.898
 356      0.831003   -0.000855    -8.024            1 14458.388
 357      0.829002   -0.002001    -7.917            1 14163.470
 358      0.827870   -0.001132    -7.584            1 13858.964
 359      0.825408   -0.002463    -7.555            1 13570.666
 360      0.823628   -0.001780    -7.354            1 13262.324
 361      0.823241   -0.000387    -6.804            1 12954.233
 362      0.820924   -0.002318    -6.668            1 12692.470
 363      0.819424   -0.001500    -6.328            1 12422.379
 364      0.818289   -0.001135    -5.874     0.999995 12173.432
 365      0.815404   -0.002885    -5.773     0.999991 11966.103
 366      0.813529   -0.001875    -5.432     0.999955 11744.032
 367      0.812990   -0.000539    -4.760     0.999313 11549.258
 368      0.812381   -0.000609    -4.021     0.992847 11454.215
 369      0.807511   -0.004870    -4.098     0.994234 11498.217
 370      0.805300   -0.002211    -3.612     0.979886 11490.987
 371      0.803117   -0.002183    -3.033     0.934323 11589.234
 372      0.797816   -0.005302    -3.013      0.93196 11857.357
 373      0.795083   -0.002733    -2.431     0.834055 12114.689
 374      0.789274   -0.005809    -2.382     0.823197 12629.758
 375      0.780325   -0.008949    -3.044     0.935578 13183.010
 376      0.777734   -0.002591    -2.462     0.840684 13306.604
 377      0.773976   -0.003758    -1.973     0.717913 13772.877
 378      0.769664   -0.004312    -1.432     0.551996 14679.099
 379      0.758389   -0.011274        NA           NA        NA
 380      0.749654   -0.008735        NA           NA        NA
 381      0.749162   -0.000492        NA           NA        NA
 382      0.739286   -0.009876        NA           NA        NA
 383      0.736161   -0.003125        NA           NA        NA
 384      0.731834   -0.004326        NA           NA        NA
 385      0.725976   -0.005858        NA           NA        NA
 386      0.717074   -0.008902        NA           NA        NA
 387      0.691663   -0.025412        NA           NA        NA
    kurtosis           snps    indivs
 eigenvector    1     4.145     3.587
 eigenvector    2     9.436     3.393
 eigenvector    3     4.357     3.919
 eigenvector    4     3.803     3.880
 eigenvector    5     3.664     3.345
 eigenvector    6     3.320     4.808
 eigenvector    7     3.352     4.032
 eigenvector    8     3.317     3.463
 eigenvector    9     3.267     3.828
 eigenvector   10     3.379     3.712
population:   0                 geno  388
eigbestsnp    1            rs4483718 13    105998395     5.116
eigbestsnp    1           rs12406728  1     59749423     4.776
eigbestsnp    1            rs2549649 16     65387803     4.696
eigbestsnp    1           rs76808095  1     59747207     4.650
eigbestsnp    1            rs2795101 10     29005873     4.650
eigbestsnp    1            rs2783589 10     29007289     4.641
eigbestsnp    1            rs2783590 10     29006648     4.624
eigbestsnp    1            rs2783588 10     29007453     4.608
eigbestsnp    1            rs2795097 10     29007484     4.608
eigbestsnp    1            rs2795096 10     29007490     4.608
eigbestsnp    2           rs13259505  8     46446746    11.520
eigbestsnp    2           rs11136190  8     46444954    11.495
eigbestsnp    2            rs4358810  8     46451320    11.495
eigbestsnp    2           rs13277532  8     46456128    11.495
eigbestsnp    2            rs4412383  8     46459139    11.495
eigbestsnp    2            rs4129529  8     46459468    11.495
eigbestsnp    2           rs13255919  8     46434801    11.467
eigbestsnp    2           rs11136187  8     46439195    11.467
eigbestsnp    2           rs11786875  8     46470562    11.443
eigbestsnp    2           rs13266213  8     46469675    11.443
eigbestsnp    3            rs3009565 10     72660386     7.007
eigbestsnp    3            rs3000980 10     72652426     6.997
eigbestsnp    3            rs3000982 10     72653316     6.997
eigbestsnp    3            rs3000983 10     72654758     6.997
eigbestsnp    3            rs3000984 10     72655016     6.997
eigbestsnp    3            rs3000985 10     72658034     6.997
eigbestsnp    3            rs3000977 10     72649724     6.988
eigbestsnp    3            rs2921446 10     72691727     6.960
eigbestsnp    3            rs7075049 10     72661040     6.953
eigbestsnp    3            rs3009524 10     72634154     6.928
eigbestsnp    4            rs1580563 11     50429660     7.198
eigbestsnp    4            rs1602128 11     50429901     7.198
eigbestsnp    4            rs1586631 11     50434747     7.139
eigbestsnp    4           rs10901938 11     50429280     7.133
eigbestsnp    4            rs7131537 11     50419794     7.127
eigbestsnp    4            rs7293968 11     50425983     7.127
eigbestsnp    4           rs10901937 11     50425834     7.116
eigbestsnp    4            rs3853433 11     50421662     7.047
eigbestsnp    4             rs692156 11     50431984     7.027
eigbestsnp    4            rs4097540 11     50418387     7.000
eigbestsnp    5            rs9865532  3     51106885     6.583
eigbestsnp    5           rs35356497  3     51082271     6.574
eigbestsnp    5            rs9863847  3     51081665     6.481
eigbestsnp    5            rs6445843  3     51082973     6.481
eigbestsnp    5           rs12494165  3     51099141     6.481
eigbestsnp    5            rs4434173  3     51092163     6.460
eigbestsnp    5            rs4356848  3     51099658     6.460
eigbestsnp    5           rs13080170  3     51076926     6.423
eigbestsnp    5           rs13060972  3     51086272     6.411
eigbestsnp    5            rs4639007  3     51092121     6.411
eigbestsnp    6           rs11040645 11     49911730     5.122
eigbestsnp    6            rs4628673 11     49916027     5.122
eigbestsnp    6            rs7125437 11     49916419     5.122
eigbestsnp    6            rs1835179 20     22422673     4.848
eigbestsnp    6            rs3129788  6     29089862     4.589
eigbestsnp    6             rs288790 13     67886441     4.434
eigbestsnp    6           rs73023206  6    161399485     4.432
eigbestsnp    6           rs60299751 11     49889715     4.430
eigbestsnp    6           rs56258327 11     49889849     4.430
eigbestsnp    6           rs10734604 11     49901482     4.430
eigbestsnp    7           rs10769623 11     49844374     5.052
eigbestsnp    7            rs4498974 11     49846262     5.052
eigbestsnp    7           rs11040671 11     49937224     5.012
eigbestsnp    7            rs1851863 11     49941786     5.012
eigbestsnp    7            rs1851864 11     49941797     5.012
eigbestsnp    7           rs10839456 11     49942541     5.012
eigbestsnp    7            rs7952104 11     49942628     5.012
eigbestsnp    7            rs1608632 11     49945596     5.012
eigbestsnp    7           rs12421516 11     49946553     5.012
eigbestsnp    7           rs10839406 11     49862898     5.011
eigbestsnp    8            rs4609271  9     28887486     5.354
eigbestsnp    8            rs1821432  9     28997310     5.343
eigbestsnp    8            rs6476105  9     28891264     5.295
eigbestsnp    8           rs10757766  9     28892693     5.295
eigbestsnp    8            rs7043927  9     28894991     5.290
eigbestsnp    8            rs7046727  9     28895044     5.290
eigbestsnp    8            rs4471128  9     28887334     5.263
eigbestsnp    8            rs4879269  9     28886415     5.203
eigbestsnp    8           rs10812885  9     28894464     5.157
eigbestsnp    8           rs10968814  9     28889909     5.139
eigbestsnp    9           rs11720151  3     48099144     4.853
eigbestsnp    9            rs7280018 21     30307943     4.849
eigbestsnp    9           rs13085054  3     48092647     4.846
eigbestsnp    9            rs2361684  3     48111128     4.842
eigbestsnp    9            rs2361683  3     48111226     4.842
eigbestsnp    9           rs34597784  3     48112336     4.842
eigbestsnp    9           rs10446426  3     48129031     4.840
eigbestsnp    9            rs6766641  3     48103734     4.836
eigbestsnp    9           rs12493348  3     48102048     4.823
eigbestsnp    9           rs12486714  3     48107210     4.823
eigbestsnp   10             rs434269  4    103562262     5.913
eigbestsnp   10             rs374906  4    103558667     5.638
eigbestsnp   10             rs444313  4    103560280     5.638
eigbestsnp   10             rs409880  4    103560638     5.638
eigbestsnp   10             rs477852  4    103560802     5.638
eigbestsnp   10             rs412352  4    103562363     5.638
eigbestsnp   10             rs435000  4    103562705     5.638
eigbestsnp   10             rs398338  4    103562707     5.638
eigbestsnp   10             rs438512  4    103563443     5.638
eigbestsnp   10             rs370831  4    103563846     5.638
##end of smartpca run
